running egg_info
creating ../build/random_events/random_events.egg-info
writing ../build/random_events/random_events.egg-info/PKG-INFO
writing dependency_links to ../build/random_events/random_events.egg-info/dependency_links.txt
writing requirements to ../build/random_events/random_events.egg-info/requires.txt
writing top-level names to ../build/random_events/random_events.egg-info/top_level.txt
writing manifest file '../build/random_events/random_events.egg-info/SOURCES.txt'
reading manifest file '../build/random_events/random_events.egg-info/SOURCES.txt'
writing manifest file '../build/random_events/random_events.egg-info/SOURCES.txt'
running build
running build_py
creating /home/zakaria/workspace/ros/src/cognitive_robot_abstract_machine/build/random_events/build
creating /home/zakaria/workspace/ros/src/cognitive_robot_abstract_machine/build/random_events/build/lib.linux-x86_64-cpython-312
creating /home/zakaria/workspace/ros/src/cognitive_robot_abstract_machine/build/random_events/build/lib.linux-x86_64-cpython-312/random_events
copying src/random_events/product_algebra.py -> /home/zakaria/workspace/ros/src/cognitive_robot_abstract_machine/build/random_events/build/lib.linux-x86_64-cpython-312/random_events
copying src/random_events/sigma_algebra.py -> /home/zakaria/workspace/ros/src/cognitive_robot_abstract_machine/build/random_events/build/lib.linux-x86_64-cpython-312/random_events
copying src/random_events/set.py -> /home/zakaria/workspace/ros/src/cognitive_robot_abstract_machine/build/random_events/build/lib.linux-x86_64-cpython-312/random_events
copying src/random_events/__init__.py -> /home/zakaria/workspace/ros/src/cognitive_robot_abstract_machine/build/random_events/build/lib.linux-x86_64-cpython-312/random_events
copying src/random_events/utils.py -> /home/zakaria/workspace/ros/src/cognitive_robot_abstract_machine/build/random_events/build/lib.linux-x86_64-cpython-312/random_events
copying src/random_events/variable.py -> /home/zakaria/workspace/ros/src/cognitive_robot_abstract_machine/build/random_events/build/lib.linux-x86_64-cpython-312/random_events
copying src/random_events/polytope.py -> /home/zakaria/workspace/ros/src/cognitive_robot_abstract_machine/build/random_events/build/lib.linux-x86_64-cpython-312/random_events
copying src/random_events/interval.py -> /home/zakaria/workspace/ros/src/cognitive_robot_abstract_machine/build/random_events/build/lib.linux-x86_64-cpython-312/random_events
running build_ext
building 'random_events_lib' extension
creating /home/zakaria/workspace/ros/src/cognitive_robot_abstract_machine/build/random_events/build/temp.linux-x86_64-cpython-312
creating /home/zakaria/workspace/ros/src/cognitive_robot_abstract_machine/build/random_events/build/temp.linux-x86_64-cpython-312/src
creating /home/zakaria/workspace/ros/src/cognitive_robot_abstract_machine/build/random_events/build/temp.linux-x86_64-cpython-312/src/random-events-lib
creating /home/zakaria/workspace/ros/src/cognitive_robot_abstract_machine/build/random_events/build/temp.linux-x86_64-cpython-312/src/random-events-lib/export
creating /home/zakaria/workspace/ros/src/cognitive_robot_abstract_machine/build/random_events/build/temp.linux-x86_64-cpython-312/src/random-events-lib/random_events_lib
creating /home/zakaria/workspace/ros/src/cognitive_robot_abstract_machine/build/random_events/build/temp.linux-x86_64-cpython-312/src/random-events-lib/random_events_lib/src
x86_64-linux-gnu-gcc -fno-strict-overflow -Wsign-compare -DNDEBUG -g -O2 -Wall -fPIC -Isrc/random-events-lib/random_events_lib/include -I/usr/lib/python3/dist-packages/pybind11/include -I/home/zakaria/workspace/ros/src/cognitive_robot_abstract_machine/install/random_events/include -I/usr/include/python3.12 -c src/random-events-lib/export/bindings.cpp -o /home/zakaria/workspace/ros/src/cognitive_robot_abstract_machine/build/random_events/build/temp.linux-x86_64-cpython-312/src/random-events-lib/export/bindings.o -fvisibility=hidden -g0 -std=c++17 -fPIC
x86_64-linux-gnu-gcc -fno-strict-overflow -Wsign-compare -DNDEBUG -g -O2 -Wall -fPIC -Isrc/random-events-lib/random_events_lib/include -I/usr/lib/python3/dist-packages/pybind11/include -I/home/zakaria/workspace/ros/src/cognitive_robot_abstract_machine/install/random_events/include -I/usr/include/python3.12 -c src/random-events-lib/random_events_lib/src/product_algebra.cpp -o /home/zakaria/workspace/ros/src/cognitive_robot_abstract_machine/build/random_events/build/temp.linux-x86_64-cpython-312/src/random-events-lib/random_events_lib/src/product_algebra.o -fvisibility=hidden -g0 -std=c++17 -fPIC
x86_64-linux-gnu-gcc -fno-strict-overflow -Wsign-compare -DNDEBUG -g -O2 -Wall -fPIC -Isrc/random-events-lib/random_events_lib/include -I/usr/lib/python3/dist-packages/pybind11/include -I/home/zakaria/workspace/ros/src/cognitive_robot_abstract_machine/install/random_events/include -I/usr/include/python3.12 -c src/random-events-lib/random_events_lib/src/set.cpp -o /home/zakaria/workspace/ros/src/cognitive_robot_abstract_machine/build/random_events/build/temp.linux-x86_64-cpython-312/src/random-events-lib/random_events_lib/src/set.o -fvisibility=hidden -g0 -std=c++17 -fPIC
x86_64-linux-gnu-gcc -fno-strict-overflow -Wsign-compare -DNDEBUG -g -O2 -Wall -fPIC -Isrc/random-events-lib/random_events_lib/include -I/usr/lib/python3/dist-packages/pybind11/include -I/home/zakaria/workspace/ros/src/cognitive_robot_abstract_machine/install/random_events/include -I/usr/include/python3.12 -c src/random-events-lib/random_events_lib/src/sigma_algebra.cpp -o /home/zakaria/workspace/ros/src/cognitive_robot_abstract_machine/build/random_events/build/temp.linux-x86_64-cpython-312/src/random-events-lib/random_events_lib/src/sigma_algebra.o -fvisibility=hidden -g0 -std=c++17 -fPIC
x86_64-linux-gnu-g++ -shared -Wl,-O1 -Wl,-Bsymbolic-functions -Wl,-Bsymbolic-functions -Wl,-z,relro -g -fwrapv -O2 -L/home/zakaria/local/lib -L/home/zakaria/local/lib /home/zakaria/workspace/ros/src/cognitive_robot_abstract_machine/build/random_events/build/temp.linux-x86_64-cpython-312/src/random-events-lib/export/bindings.o /home/zakaria/workspace/ros/src/cognitive_robot_abstract_machine/build/random_events/build/temp.linux-x86_64-cpython-312/src/random-events-lib/random_events_lib/src/product_algebra.o /home/zakaria/workspace/ros/src/cognitive_robot_abstract_machine/build/random_events/build/temp.linux-x86_64-cpython-312/src/random-events-lib/random_events_lib/src/set.o /home/zakaria/workspace/ros/src/cognitive_robot_abstract_machine/build/random_events/build/temp.linux-x86_64-cpython-312/src/random-events-lib/random_events_lib/src/sigma_algebra.o -L/usr/lib/x86_64-linux-gnu -o /home/zakaria/workspace/ros/src/cognitive_robot_abstract_machine/build/random_events/build/lib.linux-x86_64-cpython-312/random_events_lib.cpython-312-x86_64-linux-gnu.so
running install
running install_lib
copying /home/zakaria/workspace/ros/src/cognitive_robot_abstract_machine/build/random_events/build/lib.linux-x86_64-cpython-312/random_events_lib.cpython-312-x86_64-linux-gnu.so -> /home/zakaria/workspace/ros/src/cognitive_robot_abstract_machine/install/random_events/lib/python3.12/site-packages
creating /home/zakaria/workspace/ros/src/cognitive_robot_abstract_machine/install/random_events/lib/python3.12/site-packages/random_events
copying /home/zakaria/workspace/ros/src/cognitive_robot_abstract_machine/build/random_events/build/lib.linux-x86_64-cpython-312/random_events/product_algebra.py -> /home/zakaria/workspace/ros/src/cognitive_robot_abstract_machine/install/random_events/lib/python3.12/site-packages/random_events
copying /home/zakaria/workspace/ros/src/cognitive_robot_abstract_machine/build/random_events/build/lib.linux-x86_64-cpython-312/random_events/sigma_algebra.py -> /home/zakaria/workspace/ros/src/cognitive_robot_abstract_machine/install/random_events/lib/python3.12/site-packages/random_events
copying /home/zakaria/workspace/ros/src/cognitive_robot_abstract_machine/build/random_events/build/lib.linux-x86_64-cpython-312/random_events/set.py -> /home/zakaria/workspace/ros/src/cognitive_robot_abstract_machine/install/random_events/lib/python3.12/site-packages/random_events
copying /home/zakaria/workspace/ros/src/cognitive_robot_abstract_machine/build/random_events/build/lib.linux-x86_64-cpython-312/random_events/__init__.py -> /home/zakaria/workspace/ros/src/cognitive_robot_abstract_machine/install/random_events/lib/python3.12/site-packages/random_events
copying /home/zakaria/workspace/ros/src/cognitive_robot_abstract_machine/build/random_events/build/lib.linux-x86_64-cpython-312/random_events/utils.py -> /home/zakaria/workspace/ros/src/cognitive_robot_abstract_machine/install/random_events/lib/python3.12/site-packages/random_events
copying /home/zakaria/workspace/ros/src/cognitive_robot_abstract_machine/build/random_events/build/lib.linux-x86_64-cpython-312/random_events/variable.py -> /home/zakaria/workspace/ros/src/cognitive_robot_abstract_machine/install/random_events/lib/python3.12/site-packages/random_events
copying /home/zakaria/workspace/ros/src/cognitive_robot_abstract_machine/build/random_events/build/lib.linux-x86_64-cpython-312/random_events/polytope.py -> /home/zakaria/workspace/ros/src/cognitive_robot_abstract_machine/install/random_events/lib/python3.12/site-packages/random_events
copying /home/zakaria/workspace/ros/src/cognitive_robot_abstract_machine/build/random_events/build/lib.linux-x86_64-cpython-312/random_events/interval.py -> /home/zakaria/workspace/ros/src/cognitive_robot_abstract_machine/install/random_events/lib/python3.12/site-packages/random_events
byte-compiling /home/zakaria/workspace/ros/src/cognitive_robot_abstract_machine/install/random_events/lib/python3.12/site-packages/random_events/product_algebra.py to product_algebra.cpython-312.pyc
byte-compiling /home/zakaria/workspace/ros/src/cognitive_robot_abstract_machine/install/random_events/lib/python3.12/site-packages/random_events/sigma_algebra.py to sigma_algebra.cpython-312.pyc
byte-compiling /home/zakaria/workspace/ros/src/cognitive_robot_abstract_machine/install/random_events/lib/python3.12/site-packages/random_events/set.py to set.cpython-312.pyc
byte-compiling /home/zakaria/workspace/ros/src/cognitive_robot_abstract_machine/install/random_events/lib/python3.12/site-packages/random_events/__init__.py to __init__.cpython-312.pyc
byte-compiling /home/zakaria/workspace/ros/src/cognitive_robot_abstract_machine/install/random_events/lib/python3.12/site-packages/random_events/utils.py to utils.cpython-312.pyc
byte-compiling /home/zakaria/workspace/ros/src/cognitive_robot_abstract_machine/install/random_events/lib/python3.12/site-packages/random_events/variable.py to variable.cpython-312.pyc
byte-compiling /home/zakaria/workspace/ros/src/cognitive_robot_abstract_machine/install/random_events/lib/python3.12/site-packages/random_events/polytope.py to polytope.cpython-312.pyc
byte-compiling /home/zakaria/workspace/ros/src/cognitive_robot_abstract_machine/install/random_events/lib/python3.12/site-packages/random_events/interval.py to interval.cpython-312.pyc
running install_egg_info
Copying ../build/random_events/random_events.egg-info to /home/zakaria/workspace/ros/src/cognitive_robot_abstract_machine/install/random_events/lib/python3.12/site-packages/random_events-4.1.18-py3.12.egg-info
running install_scripts
writing list of installed files to '/home/zakaria/workspace/ros/src/cognitive_robot_abstract_machine/build/random_events/install.log'
