[0.749s] Invoking command in '/home/zakaria/workspace/ros/src/cognitive_robot_abstract_machine/random_events': DEBUGINFOD_URLS=https://debuginfod.ubuntu.com LDFLAGS=-L/home/zakaria/local/lib -L/home/zakaria/local/lib PYTHONPATH=/home/zakaria/workspace/ros/src/cognitive_robot_abstract_machine/build/random_events/prefix_override:/usr/lib/python3/dist-packages/colcon_core/task/python/colcon_distutils_commands:/home/zakaria/workspace/ros/src/cognitive_robot_abstract_machine/install/random_events/lib/python3.12/site-packages:${PYTHONPATH} /usr/bin/python3 -W ignore:setup.py install is deprecated -W ignore:easy_install command is deprecated setup.py egg_info --egg-base ../build/random_events build --build-base /home/zakaria/workspace/ros/src/cognitive_robot_abstract_machine/build/random_events/build install --record /home/zakaria/workspace/ros/src/cognitive_robot_abstract_machine/build/random_events/install.log --single-version-externally-managed
[0.820s] /home/zakaria/workspace/ros/src/cognitive_robot_abstract_machine/random_events/setup.py:23: DeprecationWarning: Attribute s is deprecated and will be removed in Python 3.14; use value instead
[0.820s]   return ast.parse(line).body[0].value.s
[0.894s] /usr/lib/python3/dist-packages/setuptools/config/_apply_pyprojecttoml.py:80: SetuptoolsWarning: `install_requires` overwritten in `pyproject.toml` (dependencies)
[0.894s]   corresp(dist, value, root_dir)
[1.051s] running egg_info
[1.051s] creating ../build/random_events/random_events.egg-info
[1.066s] writing ../build/random_events/random_events.egg-info/PKG-INFO
[1.066s] writing dependency_links to ../build/random_events/random_events.egg-info/dependency_links.txt
[1.066s] writing requirements to ../build/random_events/random_events.egg-info/requires.txt
[1.066s] writing top-level names to ../build/random_events/random_events.egg-info/top_level.txt
[1.067s] writing manifest file '../build/random_events/random_events.egg-info/SOURCES.txt'
[1.113s] reading manifest file '../build/random_events/random_events.egg-info/SOURCES.txt'
[1.113s] writing manifest file '../build/random_events/random_events.egg-info/SOURCES.txt'
[1.113s] running build
[1.113s] running build_py
[1.113s] creating /home/zakaria/workspace/ros/src/cognitive_robot_abstract_machine/build/random_events/build
[1.113s] creating /home/zakaria/workspace/ros/src/cognitive_robot_abstract_machine/build/random_events/build/lib.linux-x86_64-cpython-312
[1.118s] creating /home/zakaria/workspace/ros/src/cognitive_robot_abstract_machine/build/random_events/build/lib.linux-x86_64-cpython-312/random_events
[1.119s] copying src/random_events/product_algebra.py -> /home/zakaria/workspace/ros/src/cognitive_robot_abstract_machine/build/random_events/build/lib.linux-x86_64-cpython-312/random_events
[1.119s] copying src/random_events/sigma_algebra.py -> /home/zakaria/workspace/ros/src/cognitive_robot_abstract_machine/build/random_events/build/lib.linux-x86_64-cpython-312/random_events
[1.119s] copying src/random_events/set.py -> /home/zakaria/workspace/ros/src/cognitive_robot_abstract_machine/build/random_events/build/lib.linux-x86_64-cpython-312/random_events
[1.119s] copying src/random_events/__init__.py -> /home/zakaria/workspace/ros/src/cognitive_robot_abstract_machine/build/random_events/build/lib.linux-x86_64-cpython-312/random_events
[1.119s] copying src/random_events/utils.py -> /home/zakaria/workspace/ros/src/cognitive_robot_abstract_machine/build/random_events/build/lib.linux-x86_64-cpython-312/random_events
[1.119s] copying src/random_events/variable.py -> /home/zakaria/workspace/ros/src/cognitive_robot_abstract_machine/build/random_events/build/lib.linux-x86_64-cpython-312/random_events
[1.119s] copying src/random_events/polytope.py -> /home/zakaria/workspace/ros/src/cognitive_robot_abstract_machine/build/random_events/build/lib.linux-x86_64-cpython-312/random_events
[1.119s] copying src/random_events/interval.py -> /home/zakaria/workspace/ros/src/cognitive_robot_abstract_machine/build/random_events/build/lib.linux-x86_64-cpython-312/random_events
[1.119s] running build_ext
[1.120s] building 'random_events_lib' extension
[1.120s] creating /home/zakaria/workspace/ros/src/cognitive_robot_abstract_machine/build/random_events/build/temp.linux-x86_64-cpython-312
[1.120s] creating /home/zakaria/workspace/ros/src/cognitive_robot_abstract_machine/build/random_events/build/temp.linux-x86_64-cpython-312/src
[1.120s] creating /home/zakaria/workspace/ros/src/cognitive_robot_abstract_machine/build/random_events/build/temp.linux-x86_64-cpython-312/src/random-events-lib
[1.120s] creating /home/zakaria/workspace/ros/src/cognitive_robot_abstract_machine/build/random_events/build/temp.linux-x86_64-cpython-312/src/random-events-lib/export
[1.121s] creating /home/zakaria/workspace/ros/src/cognitive_robot_abstract_machine/build/random_events/build/temp.linux-x86_64-cpython-312/src/random-events-lib/random_events_lib
[1.121s] creating /home/zakaria/workspace/ros/src/cognitive_robot_abstract_machine/build/random_events/build/temp.linux-x86_64-cpython-312/src/random-events-lib/random_events_lib/src
[1.121s] x86_64-linux-gnu-gcc -fno-strict-overflow -Wsign-compare -DNDEBUG -g -O2 -Wall -fPIC -Isrc/random-events-lib/random_events_lib/include -I/usr/lib/python3/dist-packages/pybind11/include -I/home/zakaria/workspace/ros/src/cognitive_robot_abstract_machine/install/random_events/include -I/usr/include/python3.12 -c src/random-events-lib/export/bindings.cpp -o /home/zakaria/workspace/ros/src/cognitive_robot_abstract_machine/build/random_events/build/temp.linux-x86_64-cpython-312/src/random-events-lib/export/bindings.o -fvisibility=hidden -g0 -std=c++17 -fPIC
[8.739s] x86_64-linux-gnu-gcc -fno-strict-overflow -Wsign-compare -DNDEBUG -g -O2 -Wall -fPIC -Isrc/random-events-lib/random_events_lib/include -I/usr/lib/python3/dist-packages/pybind11/include -I/home/zakaria/workspace/ros/src/cognitive_robot_abstract_machine/install/random_events/include -I/usr/include/python3.12 -c src/random-events-lib/random_events_lib/src/product_algebra.cpp -o /home/zakaria/workspace/ros/src/cognitive_robot_abstract_machine/build/random_events/build/temp.linux-x86_64-cpython-312/src/random-events-lib/random_events_lib/src/product_algebra.o -fvisibility=hidden -g0 -std=c++17 -fPIC
[9.997s] x86_64-linux-gnu-gcc -fno-strict-overflow -Wsign-compare -DNDEBUG -g -O2 -Wall -fPIC -Isrc/random-events-lib/random_events_lib/include -I/usr/lib/python3/dist-packages/pybind11/include -I/home/zakaria/workspace/ros/src/cognitive_robot_abstract_machine/install/random_events/include -I/usr/include/python3.12 -c src/random-events-lib/random_events_lib/src/set.cpp -o /home/zakaria/workspace/ros/src/cognitive_robot_abstract_machine/build/random_events/build/temp.linux-x86_64-cpython-312/src/random-events-lib/random_events_lib/src/set.o -fvisibility=hidden -g0 -std=c++17 -fPIC
[10.579s] x86_64-linux-gnu-gcc -fno-strict-overflow -Wsign-compare -DNDEBUG -g -O2 -Wall -fPIC -Isrc/random-events-lib/random_events_lib/include -I/usr/lib/python3/dist-packages/pybind11/include -I/home/zakaria/workspace/ros/src/cognitive_robot_abstract_machine/install/random_events/include -I/usr/include/python3.12 -c src/random-events-lib/random_events_lib/src/sigma_algebra.cpp -o /home/zakaria/workspace/ros/src/cognitive_robot_abstract_machine/build/random_events/build/temp.linux-x86_64-cpython-312/src/random-events-lib/random_events_lib/src/sigma_algebra.o -fvisibility=hidden -g0 -std=c++17 -fPIC
[11.365s] x86_64-linux-gnu-g++ -shared -Wl,-O1 -Wl,-Bsymbolic-functions -Wl,-Bsymbolic-functions -Wl,-z,relro -g -fwrapv -O2 -L/home/zakaria/local/lib -L/home/zakaria/local/lib /home/zakaria/workspace/ros/src/cognitive_robot_abstract_machine/build/random_events/build/temp.linux-x86_64-cpython-312/src/random-events-lib/export/bindings.o /home/zakaria/workspace/ros/src/cognitive_robot_abstract_machine/build/random_events/build/temp.linux-x86_64-cpython-312/src/random-events-lib/random_events_lib/src/product_algebra.o /home/zakaria/workspace/ros/src/cognitive_robot_abstract_machine/build/random_events/build/temp.linux-x86_64-cpython-312/src/random-events-lib/random_events_lib/src/set.o /home/zakaria/workspace/ros/src/cognitive_robot_abstract_machine/build/random_events/build/temp.linux-x86_64-cpython-312/src/random-events-lib/random_events_lib/src/sigma_algebra.o -L/usr/lib/x86_64-linux-gnu -o /home/zakaria/workspace/ros/src/cognitive_robot_abstract_machine/build/random_events/build/lib.linux-x86_64-cpython-312/random_events_lib.cpython-312-x86_64-linux-gnu.so
[11.433s] running install
[11.438s] running install_lib
[11.459s] copying /home/zakaria/workspace/ros/src/cognitive_robot_abstract_machine/build/random_events/build/lib.linux-x86_64-cpython-312/random_events_lib.cpython-312-x86_64-linux-gnu.so -> /home/zakaria/workspace/ros/src/cognitive_robot_abstract_machine/install/random_events/lib/python3.12/site-packages
[11.459s] creating /home/zakaria/workspace/ros/src/cognitive_robot_abstract_machine/install/random_events/lib/python3.12/site-packages/random_events
[11.459s] copying /home/zakaria/workspace/ros/src/cognitive_robot_abstract_machine/build/random_events/build/lib.linux-x86_64-cpython-312/random_events/product_algebra.py -> /home/zakaria/workspace/ros/src/cognitive_robot_abstract_machine/install/random_events/lib/python3.12/site-packages/random_events
[11.459s] copying /home/zakaria/workspace/ros/src/cognitive_robot_abstract_machine/build/random_events/build/lib.linux-x86_64-cpython-312/random_events/sigma_algebra.py -> /home/zakaria/workspace/ros/src/cognitive_robot_abstract_machine/install/random_events/lib/python3.12/site-packages/random_events
[11.459s] copying /home/zakaria/workspace/ros/src/cognitive_robot_abstract_machine/build/random_events/build/lib.linux-x86_64-cpython-312/random_events/set.py -> /home/zakaria/workspace/ros/src/cognitive_robot_abstract_machine/install/random_events/lib/python3.12/site-packages/random_events
[11.459s] copying /home/zakaria/workspace/ros/src/cognitive_robot_abstract_machine/build/random_events/build/lib.linux-x86_64-cpython-312/random_events/__init__.py -> /home/zakaria/workspace/ros/src/cognitive_robot_abstract_machine/install/random_events/lib/python3.12/site-packages/random_events
[11.459s] copying /home/zakaria/workspace/ros/src/cognitive_robot_abstract_machine/build/random_events/build/lib.linux-x86_64-cpython-312/random_events/utils.py -> /home/zakaria/workspace/ros/src/cognitive_robot_abstract_machine/install/random_events/lib/python3.12/site-packages/random_events
[11.460s] copying /home/zakaria/workspace/ros/src/cognitive_robot_abstract_machine/build/random_events/build/lib.linux-x86_64-cpython-312/random_events/variable.py -> /home/zakaria/workspace/ros/src/cognitive_robot_abstract_machine/install/random_events/lib/python3.12/site-packages/random_events
[11.460s] copying /home/zakaria/workspace/ros/src/cognitive_robot_abstract_machine/build/random_events/build/lib.linux-x86_64-cpython-312/random_events/polytope.py -> /home/zakaria/workspace/ros/src/cognitive_robot_abstract_machine/install/random_events/lib/python3.12/site-packages/random_events
[11.460s] copying /home/zakaria/workspace/ros/src/cognitive_robot_abstract_machine/build/random_events/build/lib.linux-x86_64-cpython-312/random_events/interval.py -> /home/zakaria/workspace/ros/src/cognitive_robot_abstract_machine/install/random_events/lib/python3.12/site-packages/random_events
[11.460s] byte-compiling /home/zakaria/workspace/ros/src/cognitive_robot_abstract_machine/install/random_events/lib/python3.12/site-packages/random_events/product_algebra.py to product_algebra.cpython-312.pyc
[11.463s] byte-compiling /home/zakaria/workspace/ros/src/cognitive_robot_abstract_machine/install/random_events/lib/python3.12/site-packages/random_events/sigma_algebra.py to sigma_algebra.cpython-312.pyc
[11.464s] byte-compiling /home/zakaria/workspace/ros/src/cognitive_robot_abstract_machine/install/random_events/lib/python3.12/site-packages/random_events/set.py to set.cpython-312.pyc
[11.464s] byte-compiling /home/zakaria/workspace/ros/src/cognitive_robot_abstract_machine/install/random_events/lib/python3.12/site-packages/random_events/__init__.py to __init__.cpython-312.pyc
[11.465s] byte-compiling /home/zakaria/workspace/ros/src/cognitive_robot_abstract_machine/install/random_events/lib/python3.12/site-packages/random_events/utils.py to utils.cpython-312.pyc
[11.466s] byte-compiling /home/zakaria/workspace/ros/src/cognitive_robot_abstract_machine/install/random_events/lib/python3.12/site-packages/random_events/variable.py to variable.cpython-312.pyc
[11.467s] byte-compiling /home/zakaria/workspace/ros/src/cognitive_robot_abstract_machine/install/random_events/lib/python3.12/site-packages/random_events/polytope.py to polytope.cpython-312.pyc
[11.468s] byte-compiling /home/zakaria/workspace/ros/src/cognitive_robot_abstract_machine/install/random_events/lib/python3.12/site-packages/random_events/interval.py to interval.cpython-312.pyc
[11.469s] running install_egg_info
[11.486s] Copying ../build/random_events/random_events.egg-info to /home/zakaria/workspace/ros/src/cognitive_robot_abstract_machine/install/random_events/lib/python3.12/site-packages/random_events-4.1.18-py3.12.egg-info
[11.486s] running install_scripts
[11.519s] writing list of installed files to '/home/zakaria/workspace/ros/src/cognitive_robot_abstract_machine/build/random_events/install.log'
[11.542s] Invoked command in '/home/zakaria/workspace/ros/src/cognitive_robot_abstract_machine/random_events' returned '0': DEBUGINFOD_URLS=https://debuginfod.ubuntu.com LDFLAGS=-L/home/zakaria/local/lib -L/home/zakaria/local/lib PYTHONPATH=/home/zakaria/workspace/ros/src/cognitive_robot_abstract_machine/build/random_events/prefix_override:/usr/lib/python3/dist-packages/colcon_core/task/python/colcon_distutils_commands:/home/zakaria/workspace/ros/src/cognitive_robot_abstract_machine/install/random_events/lib/python3.12/site-packages:${PYTHONPATH} /usr/bin/python3 -W ignore:setup.py install is deprecated -W ignore:easy_install command is deprecated setup.py egg_info --egg-base ../build/random_events build --build-base /home/zakaria/workspace/ros/src/cognitive_robot_abstract_machine/build/random_events/build install --record /home/zakaria/workspace/ros/src/cognitive_robot_abstract_machine/build/random_events/install.log --single-version-externally-managed
